<?xml version="1.0" encoding="UTF-8"?>
<!-- Generated by org.testng.reporters.JUnitXMLReporter -->
<testsuite ignored="0" hostname="blr-ml-abacker" failures="0" tests="1" name="firefox_remote" time="0.081" errors="0" timestamp="30 Aug 2020 04:52:14 GMT">
  <testcase classname="com.automationcalling.testsuites.BasicTests" name="@BeforeClass init" time="0.047">
    <failure type="java.lang.NullPointerException" message="inStream parameter is null">
      <![CDATA[java.lang.NullPointerException: inStream parameter is null
at java.base/java.util.Objects.requireNonNull(Objects.java:247)
at java.base/java.util.Properties.load(Properties.java:404)
at com.automationcalling.commonutil.Utils.returnProperties(Utils.java:16)
at com.automationcalling.seleniumcore.DriverFactory.initializeRemoteDriver(DriverFactory.java:37)
at com.automationcalling.seleniumcore.DriverFactory.getBrowserInit(DriverFactory.java:21)
at com.automationcalling.seleniumcore.SeleniumUtil.returnDriver(SeleniumUtil.java:11)
at com.automation.pagefactory.Automationcallinghome.<init>(Automationcallinghome.java:18)
at com.automationcalling.testsuites.BasicTests.init(BasicTests.java:17)
at java.base/java.util.concurrent.FutureTask.run(FutureTask.java:264)
at java.base/java.util.concurrent.ThreadPoolExecutor.runWorker(ThreadPoolExecutor.java:1128)
at java.base/java.util.concurrent.ThreadPoolExecutor$Worker.run(ThreadPoolExecutor.java:628)
at java.base/java.lang.Thread.run(Thread.java:830)
... Removed 17 stack frames]]>
    </failure>
  </testcase> <!-- @BeforeClass init -->
  <testcase classname="com.automationcalling.testsuites.BasicTests" name="@BeforeClass init" time="0.046">
    <failure type="java.lang.NullPointerException" message="inStream parameter is null">
      <![CDATA[java.lang.NullPointerException: inStream parameter is null
at java.base/java.util.Objects.requireNonNull(Objects.java:247)
at java.base/java.util.Properties.load(Properties.java:404)
at com.automationcalling.commonutil.Utils.returnProperties(Utils.java:16)
at com.automationcalling.seleniumcore.DriverFactory.initializeCloudDriver(DriverFactory.java:52)
at com.automationcalling.seleniumcore.DriverFactory.getBrowserInit(DriverFactory.java:25)
at com.automationcalling.seleniumcore.SeleniumUtil.returnDriver(SeleniumUtil.java:11)
at com.automation.pagefactory.Automationcallinghome.<init>(Automationcallinghome.java:18)
at com.automationcalling.testsuites.BasicTests.init(BasicTests.java:17)
at java.base/java.util.concurrent.FutureTask.run(FutureTask.java:264)
at java.base/java.util.concurrent.ThreadPoolExecutor.runWorker(ThreadPoolExecutor.java:1128)
at java.base/java.util.concurrent.ThreadPoolExecutor$Worker.run(ThreadPoolExecutor.java:628)
at java.base/java.lang.Thread.run(Thread.java:830)
... Removed 17 stack frames]]>
    </failure>
  </testcase> <!-- @BeforeClass init -->
  <testcase classname="com.automationcalling.testsuites.BasicTests" name="@AfterClass tearDown" time="0.0">
    <skipped/>
  </testcase> <!-- @AfterClass tearDown -->
  <testcase classname="com.automationcalling.testsuites.BasicTests" name="@AfterClass tearDown" time="0.0">
    <skipped/>
  </testcase> <!-- @AfterClass tearDown -->
  <testcase classname="com.automationcalling.testsuites.BasicTests" name="articleLinkTest" time="0.0">
    <skipped/>
  </testcase> <!-- articleLinkTest -->
</testsuite> <!-- firefox_remote -->
